  filesystem.cpp
  The contents of <filesystem> are only available with C++17 or later.
C:\Users\moonsoo\Desktop\c++\filesystem\filesystem.cpp(5,26): error C2878: 'filesystem': 같은 이름을 가진 네임스페이스 또는 클래스가 없습니다.
C:\Users\moonsoo\Desktop\c++\filesystem\filesystem.cpp(13,17): error C2653: 'fs': 클래스 또는 네임스페이스 이름이 아닙니다.
C:\Users\moonsoo\Desktop\c++\filesystem\filesystem.cpp(13,17): error C4430: 형식 지정자가 없습니다. int로 가정합니다. 참고: C++에서는 기본 int를 지원하지 않습니다.
C:\Users\moonsoo\Desktop\c++\filesystem\filesystem.cpp(13,17): error C2146: 구문 오류: ';'이(가) 'WORKING_DIRECTORY' 식별자 앞에 없습니다.
C:\Users\moonsoo\Desktop\c++\filesystem\filesystem.cpp(13,17): error C2065: 'WORKING_DIRECTORY': 선언되지 않은 식별자입니다.
C:\Users\moonsoo\Desktop\c++\filesystem\filesystem.cpp(13,53): error C2653: 'fs': 클래스 또는 네임스페이스 이름이 아닙니다.
C:\Users\moonsoo\Desktop\c++\filesystem\filesystem.cpp(13,41): error C3861: 'current_path': 식별자를 찾을 수 없습니다.
C:\Users\moonsoo\Desktop\c++\filesystem\filesystem.cpp(14,17): error C2653: 'fs': 클래스 또는 네임스페이스 이름이 아닙니다.
C:\Users\moonsoo\Desktop\c++\filesystem\filesystem.cpp(14,17): error C4430: 형식 지정자가 없습니다. int로 가정합니다. 참고: C++에서는 기본 int를 지원하지 않습니다.
C:\Users\moonsoo\Desktop\c++\filesystem\filesystem.cpp(14,41): error C2086: 'const int path': 재정의
C:\Users\moonsoo\Desktop\c++\filesystem\filesystem.cpp(13): message : 'path' 선언을 참조하십시오.
C:\Users\moonsoo\Desktop\c++\filesystem\filesystem.cpp(14,17): error C2146: 구문 오류: ';'이(가) 'COPIED_FOLDER_DIRECTORY' 식별자 앞에 없습니다.
C:\Users\moonsoo\Desktop\c++\filesystem\filesystem.cpp(14,17): error C2065: 'COPIED_FOLDER_DIRECTORY': 선언되지 않은 식별자입니다.
C:\Users\moonsoo\Desktop\c++\filesystem\filesystem.cpp(14,43): error C2065: 'WORKING_DIRECTORY': 선언되지 않은 식별자입니다.
C:\Users\moonsoo\Desktop\c++\filesystem\filesystem.cpp(15,22): error C2653: 'fs': 클래스 또는 네임스페이스 이름이 아닙니다.
C:\Users\moonsoo\Desktop\c++\filesystem\filesystem.cpp(15,23): error C2065: 'COPIED_FOLDER_DIRECTORY': 선언되지 않은 식별자입니다.
C:\Users\moonsoo\Desktop\c++\filesystem\filesystem.cpp(15,6): error C3861: 'create_directory': 식별자를 찾을 수 없습니다.
C:\Users\moonsoo\Desktop\c++\filesystem\filesystem.cpp(17,11): error C2653: 'fs': 클래스 또는 네임스페이스 이름이 아닙니다.
C:\Users\moonsoo\Desktop\c++\filesystem\filesystem.cpp(17,11): error C2146: 구문 오류: ';'이(가) 'originalFileLocation' 식별자 앞에 없습니다.
C:\Users\moonsoo\Desktop\c++\filesystem\filesystem.cpp(17,11): error C2065: 'originalFileLocation': 선언되지 않은 식별자입니다.
C:\Users\moonsoo\Desktop\c++\filesystem\filesystem.cpp(17,34): error C2065: 'WORKING_DIRECTORY': 선언되지 않은 식별자입니다.
C:\Users\moonsoo\Desktop\c++\filesystem\filesystem.cpp(19,10): error C2065: 'originalFileLocation': 선언되지 않은 식별자입니다.
C:\Users\moonsoo\Desktop\c++\filesystem\filesystem.cpp(21,11): error C2653: 'fs': 클래스 또는 네임스페이스 이름이 아닙니다.
C:\Users\moonsoo\Desktop\c++\filesystem\filesystem.cpp(21,11): error C2146: 구문 오류: ';'이(가) 'copiedFileLocation' 식별자 앞에 없습니다.
C:\Users\moonsoo\Desktop\c++\filesystem\filesystem.cpp(21,11): error C2065: 'copiedFileLocation': 선언되지 않은 식별자입니다.
C:\Users\moonsoo\Desktop\c++\filesystem\filesystem.cpp(21,32): error C2065: 'COPIED_FOLDER_DIRECTORY': 선언되지 않은 식별자입니다.
C:\Users\moonsoo\Desktop\c++\filesystem\filesystem.cpp(22,10): error C2653: 'fs': 클래스 또는 네임스페이스 이름이 아닙니다.
C:\Users\moonsoo\Desktop\c++\filesystem\filesystem.cpp(22,11): error C2065: 'originalFileLocation': 선언되지 않은 식별자입니다.
C:\Users\moonsoo\Desktop\c++\filesystem\filesystem.cpp(22,33): error C2065: 'copiedFileLocation': 선언되지 않은 식별자입니다.
C:\Users\moonsoo\Desktop\c++\filesystem\filesystem.cpp(24,11): error C2653: 'fs': 클래스 또는 네임스페이스 이름이 아닙니다.
C:\Users\moonsoo\Desktop\c++\filesystem\filesystem.cpp(24,11): error C2146: 구문 오류: ';'이(가) 'renamedFileLocation' 식별자 앞에 없습니다.
C:\Users\moonsoo\Desktop\c++\filesystem\filesystem.cpp(24,11): error C2065: 'renamedFileLocation': 선언되지 않은 식별자입니다.
C:\Users\moonsoo\Desktop\c++\filesystem\filesystem.cpp(24,33): error C2065: 'WORKING_DIRECTORY': 선언되지 않은 식별자입니다.
C:\Users\moonsoo\Desktop\c++\filesystem\filesystem.cpp(25,12): error C2653: 'fs': 클래스 또는 네임스페이스 이름이 아닙니다.
C:\Users\moonsoo\Desktop\c++\filesystem\filesystem.cpp(25,13): error C2065: 'originalFileLocation': 선언되지 않은 식별자입니다.
C:\Users\moonsoo\Desktop\c++\filesystem\filesystem.cpp(25,35): error C2065: 'renamedFileLocation': 선언되지 않은 식별자입니다.
C:\Users\moonsoo\Desktop\c++\filesystem\filesystem.cpp(27,71): error C2653: 'fs': 클래스 또는 네임스페이스 이름이 아닙니다.
C:\Users\moonsoo\Desktop\c++\filesystem\filesystem.cpp(27,53): error C2065: 'WORKING_DIRECTORY': 선언되지 않은 식별자입니다.
C:\Users\moonsoo\Desktop\c++\filesystem\filesystem.cpp(27,24): error C3861: 'recursive_directory_iterator': 식별자를 찾을 수 없습니다.
C:\Users\moonsoo\Desktop\c++\filesystem\filesystem.cpp(27,73): error C2653: 'fs': 클래스 또는 네임스페이스 이름이 아닙니다.
C:\Users\moonsoo\Desktop\c++\filesystem\filesystem.cpp(27,73): error C2672: 'begin': 일치하는 오버로드된 함수가 없습니다.
C:\Users\moonsoo\Desktop\c++\filesystem\filesystem.cpp(27,73): error C2893: 함수 템플릿 'unknown-type std::begin(_Container &)'을(를) 특수화하지 못했습니다.
C:\Program Files (x86)\Microsoft Visual Studio\2019\Community\VC\Tools\MSVC\14.23.28105\include\xutility(1041): message : 'std::begin' 선언을 참조하십시오.
C:\Users\moonsoo\Desktop\c++\filesystem\filesystem.cpp(27,73): message : 다음 템플릿 인수 사용:
C:\Users\moonsoo\Desktop\c++\filesystem\filesystem.cpp(27,73): message : '_Container=unknown-type'
C:\Users\moonsoo\Desktop\c++\filesystem\filesystem.cpp(27,73): error C2784: 'const _Elem *std::begin(std::initializer_list<_Elem>) noexcept': 'std::initializer_list<_Elem>'의 템플릿 인수를 'unknown-type'에서 추론할 수 없습니다.
C:\Program Files (x86)\Microsoft Visual Studio\2019\Community\VC\Tools\MSVC\14.23.28105\include\initializer_list(53): message : 'std::begin' 선언을 참조하십시오.
C:\Users\moonsoo\Desktop\c++\filesystem\filesystem.cpp(27,73): error C2672: 'end': 일치하는 오버로드된 함수가 없습니다.
C:\Users\moonsoo\Desktop\c++\filesystem\filesystem.cpp(27,73): error C2893: 함수 템플릿 'unknown-type std::end(_Container &)'을(를) 특수화하지 못했습니다.
C:\Program Files (x86)\Microsoft Visual Studio\2019\Community\VC\Tools\MSVC\14.23.28105\include\xutility(1051): message : 'std::end' 선언을 참조하십시오.
C:\Users\moonsoo\Desktop\c++\filesystem\filesystem.cpp(27,73): message : 다음 템플릿 인수 사용:
C:\Users\moonsoo\Desktop\c++\filesystem\filesystem.cpp(27,73): message : '_Container=unknown-type'
C:\Users\moonsoo\Desktop\c++\filesystem\filesystem.cpp(27,73): error C2784: 'const _Elem *std::end(std::initializer_list<_Elem>) noexcept': 'std::initializer_list<_Elem>'의 템플릿 인수를 'unknown-type'에서 추론할 수 없습니다.
C:\Program Files (x86)\Microsoft Visual Studio\2019\Community\VC\Tools\MSVC\14.23.28105\include\initializer_list(59): message : 'std::end' 선언을 참조하십시오.
C:\Users\moonsoo\Desktop\c++\filesystem\filesystem.cpp(27,73): error C3536: '<begin>$L0': 초기화되기 전에 사용할 수 없습니다.
C:\Users\moonsoo\Desktop\c++\filesystem\filesystem.cpp(27,73): error C3536: '<end>$L0': 초기화되기 전에 사용할 수 없습니다.
C:\Users\moonsoo\Desktop\c++\filesystem\filesystem.cpp(27,73): error C2100: 간접 참조가 잘못되었습니다.
C:\Users\moonsoo\Desktop\c++\filesystem\filesystem.cpp(32,10): error C2653: 'fs': 클래스 또는 네임스페이스 이름이 아닙니다.
C:\Users\moonsoo\Desktop\c++\filesystem\filesystem.cpp(32,11): error C2065: 'copiedFileLocation': 선언되지 않은 식별자입니다.
C:\Users\moonsoo\Desktop\c++\filesystem\filesystem.cpp(32,31): error C2065: 'originalFileLocation': 선언되지 않은 식별자입니다.
C:\Users\moonsoo\Desktop\c++\filesystem\filesystem.cpp(33,12): error C2653: 'fs': 클래스 또는 네임스페이스 이름이 아닙니다.
C:\Users\moonsoo\Desktop\c++\filesystem\filesystem.cpp(33,13): error C2065: 'renamedFileLocation': 선언되지 않은 식별자입니다.
C:\Users\moonsoo\Desktop\c++\filesystem\filesystem.cpp(34,16): error C2653: 'fs': 클래스 또는 네임스페이스 이름이 아닙니다.
C:\Users\moonsoo\Desktop\c++\filesystem\filesystem.cpp(34,17): error C2065: 'COPIED_FOLDER_DIRECTORY': 선언되지 않은 식별자입니다.
C:\Users\moonsoo\Desktop\c++\filesystem\filesystem.cpp(34,6): error C3861: 'remove_all': 식별자를 찾을 수 없습니다.
